{"uid":"97f28dd97e92c57b","name":"User can see the 9 case","fullName":"ui_tests.test_cases_page.TestCasesPage#test_case_page","historyId":"f36e37893223afaae310a0dad3e7aeec","time":{"start":1680976925373,"stop":1680976925373,"duration":0},"description":"\n        test checks availability of each case page(doesn't check content!)\n        ","descriptionHtml":"<pre><code>    test checks availability of each case page(doesn't check content!)\n</code></pre>\n","status":"broken","statusMessage":"selenium.common.exceptions.WebDriverException: Message: unknown error: Chrome failed to start: exited abnormally.\n  (unknown error: DevToolsActivePort file doesn't exist)\n  (The process started from chrome location /usr/bin/google-chrome is no longer running, so ChromeDriver is assuming that Chrome has crashed.)\nStacktrace:\n#0 0x55aee2dbf243 <unknown>\n#1 0x55aee2b837a6 <unknown>\n#2 0x55aee2bac520 <unknown>\n#3 0x55aee2ba849b <unknown>\n#4 0x55aee2bea2a7 <unknown>\n#5 0x55aee2be98cf <unknown>\n#6 0x55aee2be0e53 <unknown>\n#7 0x55aee2bb39ea <unknown>\n#8 0x55aee2bb4b2e <unknown>\n#9 0x55aee2e13d5e <unknown>\n#10 0x55aee2e17a80 <unknown>\n#11 0x55aee2df98b0 <unknown>\n#12 0x55aee2e18b63 <unknown>\n#13 0x55aee2deaf75 <unknown>\n#14 0x55aee2e3b998 <unknown>\n#15 0x55aee2e3bb27 <unknown>\n#16 0x55aee2e56c23 <unknown>\n#17 0x7f7d8333db43 <unknown>","statusTrace":"request = <SubRequest 'driver' for <Function test_case_page[9]>>\n\n    @pytest.fixture\n    def driver(request) -> Generator:\n        \"\"\"\n        the fixture downloads the latest driver and creates the browser instance with passed options\n        \"\"\"\n        options = webdriver.ChromeOptions()\n        # options.add_argument(\"--headless\")\n        options.add_argument('--no-sandbox')\n        options.add_argument(\"--disable-dev-shm-usage\")\n        service = ChromeService(ChromeDriverManager().install())\n>       browser = webdriver.Chrome(service=service, options=options)\n\nconftest.py:26: \n_ _ _ _ _ _ _ _ _ _ _ _ _ _ _ _ _ _ _ _ _ _ _ _ _ _ _ _ _ _ _ _ _ _ _ _ _ _ _ _ \n/opt/hostedtoolcache/Python/3.11.2/x64/lib/python3.11/site-packages/selenium/webdriver/chrome/webdriver.py:80: in __init__\n    super().__init__(\n/opt/hostedtoolcache/Python/3.11.2/x64/lib/python3.11/site-packages/selenium/webdriver/chromium/webdriver.py:104: in __init__\n    super().__init__(\n/opt/hostedtoolcache/Python/3.11.2/x64/lib/python3.11/site-packages/selenium/webdriver/remote/webdriver.py:286: in __init__\n    self.start_session(capabilities, browser_profile)\n/opt/hostedtoolcache/Python/3.11.2/x64/lib/python3.11/site-packages/selenium/webdriver/remote/webdriver.py:378: in start_session\n    response = self.execute(Command.NEW_SESSION, parameters)\n/opt/hostedtoolcache/Python/3.11.2/x64/lib/python3.11/site-packages/selenium/webdriver/remote/webdriver.py:440: in execute\n    self.error_handler.check_response(response)\n_ _ _ _ _ _ _ _ _ _ _ _ _ _ _ _ _ _ _ _ _ _ _ _ _ _ _ _ _ _ _ _ _ _ _ _ _ _ _ _ \n\nself = <selenium.webdriver.remote.errorhandler.ErrorHandler object at 0x7ff5ea961810>\nresponse = {'status': 500, 'value': '{\"value\":{\"error\":\"unknown error\",\"message\":\"unknown error: Chrome failed to start: exited a...\\\\n#15 0x55aee2e3bb27 \\\\u003Cunknown>\\\\n#16 0x55aee2e56c23 \\\\u003Cunknown>\\\\n#17 0x7f7d8333db43 \\\\u003Cunknown>\\\\n\"}}'}\n\n    def check_response(self, response: Dict[str, Any]) -> None:\n        \"\"\"Checks that a JSON response from the WebDriver does not have an\n        error.\n    \n        :Args:\n         - response - The JSON response from the WebDriver server as a dictionary\n           object.\n    \n        :Raises: If the response contains an error message.\n        \"\"\"\n        status = response.get(\"status\", None)\n        if not status or status == ErrorCode.SUCCESS:\n            return\n        value = None\n        message = response.get(\"message\", \"\")\n        screen: str = response.get(\"screen\", \"\")\n        stacktrace = None\n        if isinstance(status, int):\n            value_json = response.get(\"value\", None)\n            if value_json and isinstance(value_json, str):\n                import json\n    \n                try:\n                    value = json.loads(value_json)\n                    if len(value.keys()) == 1:\n                        value = value[\"value\"]\n                    status = value.get(\"error\", None)\n                    if not status:\n                        status = value.get(\"status\", ErrorCode.UNKNOWN_ERROR)\n                        message = value.get(\"value\") or value.get(\"message\")\n                        if not isinstance(message, str):\n                            value = message\n                            message = message.get(\"message\")\n                    else:\n                        message = value.get(\"message\", None)\n                except ValueError:\n                    pass\n    \n        exception_class: Type[WebDriverException]\n        if status in ErrorCode.NO_SUCH_ELEMENT:\n            exception_class = NoSuchElementException\n        elif status in ErrorCode.NO_SUCH_FRAME:\n            exception_class = NoSuchFrameException\n        elif status in ErrorCode.NO_SUCH_SHADOW_ROOT:\n            exception_class = NoSuchShadowRootException\n        elif status in ErrorCode.NO_SUCH_WINDOW:\n            exception_class = NoSuchWindowException\n        elif status in ErrorCode.STALE_ELEMENT_REFERENCE:\n            exception_class = StaleElementReferenceException\n        elif status in ErrorCode.ELEMENT_NOT_VISIBLE:\n            exception_class = ElementNotVisibleException\n        elif status in ErrorCode.INVALID_ELEMENT_STATE:\n            exception_class = InvalidElementStateException\n        elif (\n            status in ErrorCode.INVALID_SELECTOR\n            or status in ErrorCode.INVALID_XPATH_SELECTOR\n            or status in ErrorCode.INVALID_XPATH_SELECTOR_RETURN_TYPER\n        ):\n            exception_class = InvalidSelectorException\n        elif status in ErrorCode.ELEMENT_IS_NOT_SELECTABLE:\n            exception_class = ElementNotSelectableException\n        elif status in ErrorCode.ELEMENT_NOT_INTERACTABLE:\n            exception_class = ElementNotInteractableException\n        elif status in ErrorCode.INVALID_COOKIE_DOMAIN:\n            exception_class = InvalidCookieDomainException\n        elif status in ErrorCode.UNABLE_TO_SET_COOKIE:\n            exception_class = UnableToSetCookieException\n        elif status in ErrorCode.TIMEOUT:\n            exception_class = TimeoutException\n        elif status in ErrorCode.SCRIPT_TIMEOUT:\n            exception_class = TimeoutException\n        elif status in ErrorCode.UNKNOWN_ERROR:\n            exception_class = WebDriverException\n        elif status in ErrorCode.UNEXPECTED_ALERT_OPEN:\n            exception_class = UnexpectedAlertPresentException\n        elif status in ErrorCode.NO_ALERT_OPEN:\n            exception_class = NoAlertPresentException\n        elif status in ErrorCode.IME_NOT_AVAILABLE:\n            exception_class = ImeNotAvailableException\n        elif status in ErrorCode.IME_ENGINE_ACTIVATION_FAILED:\n            exception_class = ImeActivationFailedException\n        elif status in ErrorCode.MOVE_TARGET_OUT_OF_BOUNDS:\n            exception_class = MoveTargetOutOfBoundsException\n        elif status in ErrorCode.JAVASCRIPT_ERROR:\n            exception_class = JavascriptException\n        elif status in ErrorCode.SESSION_NOT_CREATED:\n            exception_class = SessionNotCreatedException\n        elif status in ErrorCode.INVALID_ARGUMENT:\n            exception_class = InvalidArgumentException\n        elif status in ErrorCode.NO_SUCH_COOKIE:\n            exception_class = NoSuchCookieException\n        elif status in ErrorCode.UNABLE_TO_CAPTURE_SCREEN:\n            exception_class = ScreenshotException\n        elif status in ErrorCode.ELEMENT_CLICK_INTERCEPTED:\n            exception_class = ElementClickInterceptedException\n        elif status in ErrorCode.INSECURE_CERTIFICATE:\n            exception_class = InsecureCertificateException\n        elif status in ErrorCode.INVALID_COORDINATES:\n            exception_class = InvalidCoordinatesException\n        elif status in ErrorCode.INVALID_SESSION_ID:\n            exception_class = InvalidSessionIdException\n        elif status in ErrorCode.UNKNOWN_METHOD:\n            exception_class = UnknownMethodException\n        else:\n            exception_class = WebDriverException\n        if not value:\n            value = response[\"value\"]\n        if isinstance(value, str):\n            raise exception_class(value)\n        if message == \"\" and \"message\" in value:\n            message = value[\"message\"]\n    \n        screen = None  # type: ignore[assignment]\n        if \"screen\" in value:\n            screen = value[\"screen\"]\n    \n        stacktrace = None\n        st_value = value.get(\"stackTrace\") or value.get(\"stacktrace\")\n        if st_value:\n            if isinstance(st_value, str):\n                stacktrace = st_value.split(\"\\n\")\n            else:\n                stacktrace = []\n                try:\n                    for frame in st_value:\n                        line = frame.get(\"lineNumber\", \"\")\n                        file = frame.get(\"fileName\", \"<anonymous>\")\n                        if line:\n                            file = f\"{file}:{line}\"\n                        meth = frame.get(\"methodName\", \"<anonymous>\")\n                        if \"className\" in frame:\n                            meth = f\"{frame['className']}.{meth}\"\n                        msg = \"    at %s (%s)\"\n                        msg = msg % (meth, file)\n                        stacktrace.append(msg)\n                except TypeError:\n                    pass\n        if exception_class == UnexpectedAlertPresentException:\n            alert_text = None\n            if \"data\" in value:\n                alert_text = value[\"data\"].get(\"text\")\n            elif \"alert\" in value:\n                alert_text = value[\"alert\"].get(\"text\")\n            raise exception_class(message, screen, stacktrace, alert_text)  # type: ignore[call-arg]  # mypy is not smart enough here\n>       raise exception_class(message, screen, stacktrace)\nE       selenium.common.exceptions.WebDriverException: Message: unknown error: Chrome failed to start: exited abnormally.\nE         (unknown error: DevToolsActivePort file doesn't exist)\nE         (The process started from chrome location /usr/bin/google-chrome is no longer running, so ChromeDriver is assuming that Chrome has crashed.)\nE       Stacktrace:\nE       #0 0x55aee2dbf243 <unknown>\nE       #1 0x55aee2b837a6 <unknown>\nE       #2 0x55aee2bac520 <unknown>\nE       #3 0x55aee2ba849b <unknown>\nE       #4 0x55aee2bea2a7 <unknown>\nE       #5 0x55aee2be98cf <unknown>\nE       #6 0x55aee2be0e53 <unknown>\nE       #7 0x55aee2bb39ea <unknown>\nE       #8 0x55aee2bb4b2e <unknown>\nE       #9 0x55aee2e13d5e <unknown>\nE       #10 0x55aee2e17a80 <unknown>\nE       #11 0x55aee2df98b0 <unknown>\nE       #12 0x55aee2e18b63 <unknown>\nE       #13 0x55aee2deaf75 <unknown>\nE       #14 0x55aee2e3b998 <unknown>\nE       #15 0x55aee2e3bb27 <unknown>\nE       #16 0x55aee2e56c23 <unknown>\nE       #17 0x7f7d8333db43 <unknown>\n\n/opt/hostedtoolcache/Python/3.11.2/x64/lib/python3.11/site-packages/selenium/webdriver/remote/errorhandler.py:245: WebDriverException","flaky":false,"newFailed":false,"newBroken":false,"newPassed":false,"retriesCount":0,"retriesStatusChange":false,"beforeStages":[{"name":"driver","time":{"start":1680976925374,"stop":1680976926224,"duration":850},"status":"broken","statusMessage":"selenium.common.exceptions.WebDriverException: Message: unknown error: Chrome failed to start: exited abnormally.\n  (unknown error: DevToolsActivePort file doesn't exist)\n  (The process started from chrome location /usr/bin/google-chrome is no longer running, so ChromeDriver is assuming that Chrome has crashed.)\nStacktrace:\n#0 0x55aee2dbf243 <unknown>\n#1 0x55aee2b837a6 <unknown>\n#2 0x55aee2bac520 <unknown>\n#3 0x55aee2ba849b <unknown>\n#4 0x55aee2bea2a7 <unknown>\n#5 0x55aee2be98cf <unknown>\n#6 0x55aee2be0e53 <unknown>\n#7 0x55aee2bb39ea <unknown>\n#8 0x55aee2bb4b2e <unknown>\n#9 0x55aee2e13d5e <unknown>\n#10 0x55aee2e17a80 <unknown>\n#11 0x55aee2df98b0 <unknown>\n#12 0x55aee2e18b63 <unknown>\n#13 0x55aee2deaf75 <unknown>\n#14 0x55aee2e3b998 <unknown>\n#15 0x55aee2e3bb27 <unknown>\n#16 0x55aee2e56c23 <unknown>\n#17 0x7f7d8333db43 <unknown>\n\n","statusTrace":"  File \"/opt/hostedtoolcache/Python/3.11.2/x64/lib/python3.11/site-packages/pluggy/_callers.py\", line 39, in _multicall\n    res = hook_impl.function(*args)\n          ^^^^^^^^^^^^^^^^^^^^^^^^^\n  File \"/opt/hostedtoolcache/Python/3.11.2/x64/lib/python3.11/site-packages/_pytest/fixtures.py\", line 1129, in pytest_fixture_setup\n    result = call_fixture_func(fixturefunc, request, kwargs)\n             ^^^^^^^^^^^^^^^^^^^^^^^^^^^^^^^^^^^^^^^^^^^^^^^\n  File \"/opt/hostedtoolcache/Python/3.11.2/x64/lib/python3.11/site-packages/_pytest/fixtures.py\", line 901, in call_fixture_func\n    fixture_result = next(generator)\n                     ^^^^^^^^^^^^^^^\n  File \"/home/runner/work/Fojin-site-testing/Fojin-site-testing/conftest.py\", line 26, in driver\n    browser = webdriver.Chrome(service=service, options=options)\n              ^^^^^^^^^^^^^^^^^^^^^^^^^^^^^^^^^^^^^^^^^^^^^^^^^^\n  File \"/opt/hostedtoolcache/Python/3.11.2/x64/lib/python3.11/site-packages/selenium/webdriver/chrome/webdriver.py\", line 80, in __init__\n    super().__init__(\n  File \"/opt/hostedtoolcache/Python/3.11.2/x64/lib/python3.11/site-packages/selenium/webdriver/chromium/webdriver.py\", line 104, in __init__\n    super().__init__(\n  File \"/opt/hostedtoolcache/Python/3.11.2/x64/lib/python3.11/site-packages/selenium/webdriver/remote/webdriver.py\", line 286, in __init__\n    self.start_session(capabilities, browser_profile)\n  File \"/opt/hostedtoolcache/Python/3.11.2/x64/lib/python3.11/site-packages/selenium/webdriver/remote/webdriver.py\", line 378, in start_session\n    response = self.execute(Command.NEW_SESSION, parameters)\n               ^^^^^^^^^^^^^^^^^^^^^^^^^^^^^^^^^^^^^^^^^^^^^\n  File \"/opt/hostedtoolcache/Python/3.11.2/x64/lib/python3.11/site-packages/selenium/webdriver/remote/webdriver.py\", line 440, in execute\n    self.error_handler.check_response(response)\n  File \"/opt/hostedtoolcache/Python/3.11.2/x64/lib/python3.11/site-packages/selenium/webdriver/remote/errorhandler.py\", line 245, in check_response\n    raise exception_class(message, screen, stacktrace)\n","steps":[],"attachments":[],"parameters":[],"stepsCount":0,"attachmentsCount":0,"shouldDisplayMessage":true,"hasContent":true}],"afterStages":[],"labels":[{"name":"feature","value":"User can see all the cases"},{"name":"severity","value":"normal"},{"name":"parentSuite","value":"ui_tests"},{"name":"suite","value":"test_cases_page"},{"name":"subSuite","value":"TestCasesPage"},{"name":"host","value":"fv-az502-1"},{"name":"thread","value":"3009-MainThread"},{"name":"framework","value":"pytest"},{"name":"language","value":"cpython3"},{"name":"package","value":"ui_tests.test_cases_page"},{"name":"resultFormat","value":"allure2"}],"parameters":[{"name":"case","value":"'9'"},{"name":"locator","value":"('css selector', \"div[href$='cases/9']\")"}],"links":[],"hidden":false,"retry":false,"extra":{"severity":"normal","retries":[],"categories":[{"name":"Test defects","matchedStatuses":[],"flaky":false}],"tags":[]},"source":"97f28dd97e92c57b.json","parameterValues":["'9'","('css selector', \"div[href$='cases/9']\")"]}